
Showing logs for build [32mcb-kubecd-environment-pr-205-21-98r52-1[0m stage [32mfrom-build-pack[0m and container [32mstep-credential-initializer-bpbnn[0m
{"level":"info","ts":1587212979.1592803,"logger":"fallback-logger","caller":"logging/config.go:69","msg":"Fetch GitHub commit ID from kodata failed: open /var/run/ko/refs/heads/0.8.0-ns-support: no such file or directory"}
{"level":"info","ts":1587212979.1600807,"logger":"fallback-logger","caller":"creds-init/main.go:40","msg":"Credentials initialized."}

Showing logs for build [32mcb-kubecd-environment-pr-205-21-98r52-1[0m stage [32mfrom-build-pack[0m and container [32mstep-working-dir-initializer-5xt86[0m
{"level":"info","ts":1587212980.182701,"logger":"fallback-logger","caller":"logging/config.go:69","msg":"Fetch GitHub commit ID from kodata failed: open /var/run/ko/HEAD: no such file or directory"}
{"level":"info","ts":1587212980.1846988,"logger":"fallback-logger","caller":"bash/main.go:64","msg":"Successfully executed command \"sh -c mkdir -p /workspace/source\"; output "}

Showing logs for build [32mcb-kubecd-environment-pr-205-21-98r52-1[0m stage [32mfrom-build-pack[0m and container [32mstep-place-tools[0m

Showing logs for build [32mcb-kubecd-environment-pr-205-21-98r52-1[0m stage [32mfrom-build-pack[0m and container [32mstep-git-source-cb-kubecd-environment-pr-205-21-98r52-kqkgm[0m
{"level":"info","ts":1587212983.3026311,"logger":"fallback-logger","caller":"logging/config.go:69","msg":"Fetch GitHub commit ID from kodata failed: open /var/run/ko/refs/heads/0.8.0-ns-support: no such file or directory"}
{"level":"info","ts":1587212984.3527243,"logger":"fallback-logger","caller":"git/git.go:103","msg":"Successfully cloned https://github.com/cb-kubecd/environment-pr-205-21-boot-gke-staging.git @ master in path /workspace/source"}

Showing logs for build [32mcb-kubecd-environment-pr-205-21-98r52-1[0m stage [32mfrom-build-pack[0m and container [32mstep-git-merge[0m
Using SHAs from PULL_REFS=master:39f7961f3a499aebc9f2f6612ff7eae8851667d8,1:ae73437bdf3eda6b866e12328a4ce2c9d823f356
DEBUG: LC_ALL=C JX_LOG_LEVEL=error git fetch origin --unshallow ae73437bdf3eda6b866e12328a4ce2c9d823f356: 39f7961f3a499aebc9f2f6612ff7eae8851667d8:
DEBUG: ran git fetch --unshallow origin ae73437bdf3eda6b866e12328a4ce2c9d823f356: 39f7961f3a499aebc9f2f6612ff7eae8851667d8: in 
DEBUG: LC_ALL=C JX_LOG_LEVEL=error git branch
DEBUG: LC_ALL=C JX_LOG_LEVEL=error git checkout master
DEBUG: ran git checkout master in 
DEBUG: LC_ALL=C JX_LOG_LEVEL=error git reset --hard 39f7961f3a499aebc9f2f6612ff7eae8851667d8
DEBUG: ran git reset --hard 39f7961f3a499aebc9f2f6612ff7eae8851667d8 in 
DEBUG: LC_ALL=C JX_LOG_LEVEL=error git clean -fd .
DEBUG: ran clean --force -d . in 
DEBUG: LC_ALL=C JX_LOG_LEVEL=error git merge ae73437bdf3eda6b866e12328a4ce2c9d823f356
DEBUG: ran git merge ae73437bdf3eda6b866e12328a4ce2c9d823f356 in 
DEBUG: LC_ALL=C JX_LOG_LEVEL=error git log --format=%H%x1f%an%x1f%ae%x1f%cn%x1f%ce%x1f%s%n%b%x1e 39f7961f3a499aebc9f2f6612ff7eae8851667d8..HEAD
Merged SHA ae73437bdf3eda6b866e12328a4ce2c9d823f356 with commit message 'chore: Promote bdd-spring-1587212631 to version 0.0.1' into base branch master

Showing logs for build [32mcb-kubecd-environment-pr-205-21-98r52-1[0m stage [32mfrom-build-pack[0m and container [32mstep-build-helm-build[0m
WARNING: No $CHART_REPOSITORY defined so using the default value of: http://jenkins-x-chartmuseum:8080
Adding missing Helm repo: storage.googleapis.com https://storage.googleapis.com/chartmuseum.jenkins-x.io
WARNING: No secrets found on "helm/repos" due: reading the secret "helm/repos" from vault: no secret "helm/repos" not found in vault
Read credentials for https://storage.googleapis.com/chartmuseum.jenkins-x.io from vault helm/repos
Successfully added Helm repository storage.googleapis.com.
Adding missing Helm repo: jenkins-x-chartmuseum http://jenkins-x-chartmuseum:8080
WARNING: No secrets found on "helm/repos" due: reading the secret "helm/repos" from vault: no secret "helm/repos" not found in vault
Read credentials for http://jenkins-x-chartmuseum:8080 from vault helm/repos
Successfully added Helm repository jenkins-x-chartmuseum.
WARNING: No $CHART_REPOSITORY defined so using the default value of: http://jenkins-x-chartmuseum:8080
Adding missing Helm repo: chartmuseum.jenkins-x.io http://chartmuseum.jenkins-x.io
WARNING: No secrets found on "helm/repos" due: reading the secret "helm/repos" from vault: no secret "helm/repos" not found in vault
Read credentials for http://chartmuseum.jenkins-x.io from vault helm/repos
Successfully added Helm repository chartmuseum.jenkins-x.io.
