
Showing logs for build [32mcb-kubecd-environment-pr-205-21-4gdtk-1[0m stage [32mfrom-build-pack[0m and container [32mstep-credential-initializer-c4m4t[0m
{"level":"info","ts":1587216556.8912258,"logger":"fallback-logger","caller":"logging/config.go:69","msg":"Fetch GitHub commit ID from kodata failed: open /var/run/ko/refs/heads/0.8.0-ns-support: no such file or directory"}
{"level":"info","ts":1587216556.8916755,"logger":"fallback-logger","caller":"creds-init/main.go:40","msg":"Credentials initialized."}

Showing logs for build [32mcb-kubecd-environment-pr-205-21-4gdtk-1[0m stage [32mfrom-build-pack[0m and container [32mstep-working-dir-initializer-dw52z[0m
{"level":"info","ts":1587216557.3269932,"logger":"fallback-logger","caller":"logging/config.go:69","msg":"Fetch GitHub commit ID from kodata failed: open /var/run/ko/HEAD: no such file or directory"}
{"level":"info","ts":1587216557.333902,"logger":"fallback-logger","caller":"bash/main.go:64","msg":"Successfully executed command \"sh -c mkdir -p /workspace/source\"; output "}

Showing logs for build [32mcb-kubecd-environment-pr-205-21-4gdtk-1[0m stage [32mfrom-build-pack[0m and container [32mstep-place-tools[0m

Showing logs for build [32mcb-kubecd-environment-pr-205-21-4gdtk-1[0m stage [32mfrom-build-pack[0m and container [32mstep-git-source-cb-kubecd-environment-pr-205-21-4gdtk-qtg9s[0m
{"level":"info","ts":1587216562.5112417,"logger":"fallback-logger","caller":"logging/config.go:69","msg":"Fetch GitHub commit ID from kodata failed: open /var/run/ko/refs/heads/0.8.0-ns-support: no such file or directory"}
{"level":"info","ts":1587216563.6018085,"logger":"fallback-logger","caller":"git/git.go:103","msg":"Successfully cloned https://github.com/cb-kubecd/environment-pr-205-21-boot-gke-staging.git @ master in path /workspace/source"}

Showing logs for build [32mcb-kubecd-environment-pr-205-21-4gdtk-1[0m stage [32mfrom-build-pack[0m and container [32mstep-git-merge[0m
Using SHAs from PULL_REFS=master:6f00c2d9546bcaab21a4d9c59f945c678106314d,6:9b446391fe9e8b9b86eeabc26d9a9f074097d260
DEBUG: LC_ALL=C JX_LOG_LEVEL=error git fetch origin --unshallow 9b446391fe9e8b9b86eeabc26d9a9f074097d260: 6f00c2d9546bcaab21a4d9c59f945c678106314d:
DEBUG: ran git fetch --unshallow origin 9b446391fe9e8b9b86eeabc26d9a9f074097d260: 6f00c2d9546bcaab21a4d9c59f945c678106314d: in 
DEBUG: LC_ALL=C JX_LOG_LEVEL=error git branch
DEBUG: LC_ALL=C JX_LOG_LEVEL=error git checkout master
DEBUG: ran git checkout master in 
DEBUG: LC_ALL=C JX_LOG_LEVEL=error git reset --hard 6f00c2d9546bcaab21a4d9c59f945c678106314d
DEBUG: ran git reset --hard 6f00c2d9546bcaab21a4d9c59f945c678106314d in 
DEBUG: JX_LOG_LEVEL=error LC_ALL=C git clean -fd .
DEBUG: ran clean --force -d . in 
DEBUG: LC_ALL=C JX_LOG_LEVEL=error git merge 9b446391fe9e8b9b86eeabc26d9a9f074097d260
DEBUG: ran git merge 9b446391fe9e8b9b86eeabc26d9a9f074097d260 in 
DEBUG: LC_ALL=C JX_LOG_LEVEL=error git log --format=%H%x1f%an%x1f%ae%x1f%cn%x1f%ce%x1f%s%n%b%x1e 6f00c2d9546bcaab21a4d9c59f945c678106314d..HEAD
Merged SHA 9b446391fe9e8b9b86eeabc26d9a9f074097d260 with commit message 'chore: Promote bdd-nh-import-1587215958 to version 0.0.1' into base branch master

Showing logs for build [32mcb-kubecd-environment-pr-205-21-4gdtk-1[0m stage [32mfrom-build-pack[0m and container [32mstep-build-helm-build[0m
WARNING: No $CHART_REPOSITORY defined so using the default value of: http://jenkins-x-chartmuseum:8080
Adding missing Helm repo: storage.googleapis.com https://storage.googleapis.com/chartmuseum.jenkins-x.io
WARNING: No secrets found on "helm/repos" due: reading the secret "helm/repos" from vault: no secret "helm/repos" not found in vault
Read credentials for https://storage.googleapis.com/chartmuseum.jenkins-x.io from vault helm/repos
Successfully added Helm repository storage.googleapis.com.
Adding missing Helm repo: jenkins-x-chartmuseum http://jenkins-x-chartmuseum:8080
WARNING: No secrets found on "helm/repos" due: reading the secret "helm/repos" from vault: no secret "helm/repos" not found in vault
Read credentials for http://jenkins-x-chartmuseum:8080 from vault helm/repos
Successfully added Helm repository jenkins-x-chartmuseum.
WARNING: No $CHART_REPOSITORY defined so using the default value of: http://jenkins-x-chartmuseum:8080
Adding missing Helm repo: chartmuseum.jenkins-x.io http://chartmuseum.jenkins-x.io
WARNING: No secrets found on "helm/repos" due: reading the secret "helm/repos" from vault: no secret "helm/repos" not found in vault
Read credentials for http://chartmuseum.jenkins-x.io from vault helm/repos
Successfully added Helm repository chartmuseum.jenkins-x.io.
