
Showing logs for build [32mcb-kubecd-environment-pr-205-21-crxj9-1[0m stage [32mfrom-build-pack[0m and container [32mstep-credential-initializer-wrz5c[0m
{"level":"info","ts":1587217044.721101,"logger":"fallback-logger","caller":"logging/config.go:69","msg":"Fetch GitHub commit ID from kodata failed: open /var/run/ko/refs/heads/0.8.0-ns-support: no such file or directory"}
{"level":"info","ts":1587217044.7219741,"logger":"fallback-logger","caller":"creds-init/main.go:40","msg":"Credentials initialized."}

Showing logs for build [32mcb-kubecd-environment-pr-205-21-crxj9-1[0m stage [32mfrom-build-pack[0m and container [32mstep-working-dir-initializer-26gxm[0m
{"level":"info","ts":1587217045.1967847,"logger":"fallback-logger","caller":"logging/config.go:69","msg":"Fetch GitHub commit ID from kodata failed: open /var/run/ko/HEAD: no such file or directory"}
{"level":"info","ts":1587217045.19853,"logger":"fallback-logger","caller":"bash/main.go:64","msg":"Successfully executed command \"sh -c mkdir -p /workspace/source\"; output "}

Showing logs for build [32mcb-kubecd-environment-pr-205-21-crxj9-1[0m stage [32mfrom-build-pack[0m and container [32mstep-place-tools[0m

Showing logs for build [32mcb-kubecd-environment-pr-205-21-crxj9-1[0m stage [32mfrom-build-pack[0m and container [32mstep-git-source-cb-kubecd-environment-pr-205-21-crxj9-5nxbs[0m
{"level":"info","ts":1587217050.4323356,"logger":"fallback-logger","caller":"logging/config.go:69","msg":"Fetch GitHub commit ID from kodata failed: open /var/run/ko/refs/heads/0.8.0-ns-support: no such file or directory"}
{"level":"info","ts":1587217051.4871864,"logger":"fallback-logger","caller":"git/git.go:103","msg":"Successfully cloned https://github.com/cb-kubecd/environment-pr-205-21-boot-gke-staging.git @ master in path /workspace/source"}

Showing logs for build [32mcb-kubecd-environment-pr-205-21-crxj9-1[0m stage [32mfrom-build-pack[0m and container [32mstep-git-merge[0m
Using SHAs from PULL_REFS=master:60ecd05b6b25669c0969529b90cda11c92211385,7:75a1f5e05d47d8190d5622087b40ad03fb3b3055
DEBUG: LC_ALL=C JX_LOG_LEVEL=error git fetch origin --unshallow 75a1f5e05d47d8190d5622087b40ad03fb3b3055: 60ecd05b6b25669c0969529b90cda11c92211385:
DEBUG: ran git fetch --unshallow origin 75a1f5e05d47d8190d5622087b40ad03fb3b3055: 60ecd05b6b25669c0969529b90cda11c92211385: in 
DEBUG: LC_ALL=C JX_LOG_LEVEL=error git branch
DEBUG: LC_ALL=C JX_LOG_LEVEL=error git checkout master
DEBUG: ran git checkout master in 
DEBUG: JX_LOG_LEVEL=error LC_ALL=C git reset --hard 60ecd05b6b25669c0969529b90cda11c92211385
DEBUG: ran git reset --hard 60ecd05b6b25669c0969529b90cda11c92211385 in 
DEBUG: LC_ALL=C JX_LOG_LEVEL=error git clean -fd .
DEBUG: ran clean --force -d . in 
DEBUG: LC_ALL=C JX_LOG_LEVEL=error git merge 75a1f5e05d47d8190d5622087b40ad03fb3b3055
DEBUG: ran git merge 75a1f5e05d47d8190d5622087b40ad03fb3b3055 in 
DEBUG: LC_ALL=C JX_LOG_LEVEL=error git log --format=%H%x1f%an%x1f%ae%x1f%cn%x1f%ce%x1f%s%n%b%x1e 60ecd05b6b25669c0969529b90cda11c92211385..HEAD
Merged SHA 75a1f5e05d47d8190d5622087b40ad03fb3b3055 with commit message 'chore: Promote bdd-sbrp-import-1587215958 to version 0.0.1' into base branch master

Showing logs for build [32mcb-kubecd-environment-pr-205-21-crxj9-1[0m stage [32mfrom-build-pack[0m and container [32mstep-build-helm-build[0m
WARNING: No $CHART_REPOSITORY defined so using the default value of: http://jenkins-x-chartmuseum:8080
Adding missing Helm repo: storage.googleapis.com https://storage.googleapis.com/chartmuseum.jenkins-x.io
WARNING: No secrets found on "helm/repos" due: reading the secret "helm/repos" from vault: no secret "helm/repos" not found in vault
Read credentials for https://storage.googleapis.com/chartmuseum.jenkins-x.io from vault helm/repos
Successfully added Helm repository storage.googleapis.com.
Adding missing Helm repo: jenkins-x-chartmuseum http://jenkins-x-chartmuseum:8080
WARNING: No secrets found on "helm/repos" due: reading the secret "helm/repos" from vault: no secret "helm/repos" not found in vault
Read credentials for http://jenkins-x-chartmuseum:8080 from vault helm/repos
Successfully added Helm repository jenkins-x-chartmuseum.
WARNING: No $CHART_REPOSITORY defined so using the default value of: http://jenkins-x-chartmuseum:8080
Adding missing Helm repo: chartmuseum.jenkins-x.io http://chartmuseum.jenkins-x.io
WARNING: No secrets found on "helm/repos" due: reading the secret "helm/repos" from vault: no secret "helm/repos" not found in vault
Read credentials for http://chartmuseum.jenkins-x.io from vault helm/repos
Successfully added Helm repository chartmuseum.jenkins-x.io.
